<html>
<head>
<title>TestNG:  Default test</title>
<link href="../testng.css" rel="stylesheet" type="text/css" />
<link href="../my-testng.css" rel="stylesheet" type="text/css" />

<style type="text/css">
.log { display: none;} 
.stack-trace { display: none;} 
</style>
<script type="text/javascript">
<!--
function flip(e) {
  current = e.style.display;
  if (current == 'block') {
    e.style.display = 'none';
    return 0;
  }
  else {
    e.style.display = 'block';
    return 1;
  }
}

function toggleBox(szDivId, elem, msg1, msg2)
{
  var res = -1;  if (document.getElementById) {
    res = flip(document.getElementById(szDivId));
  }
  else if (document.all) {
    // this is the way old msie versions work
    res = flip(document.all[szDivId]);
  }
  if(elem) {
    if(res == 0) elem.innerHTML = msg1; else elem.innerHTML = msg2;
  }

}

function toggleAllBoxes() {
  if (document.getElementsByTagName) {
    d = document.getElementsByTagName('div');
    for (i = 0; i < d.length; i++) {
      if (d[i].className == 'log') {
        flip(d[i]);
      }
    }
  }
}

// -->
</script>

</head>
<body>
<h2 align='center'>Default test</h2><table border='1' align="center">
<tr>
<td>Tests passed/Failed/Skipped:</td><td>12/1/0</td>
</tr><tr>
<td>Started on:</td><td>Tue Sep 14 00:19:42 IST 2021</td>
</tr>
<tr><td>Total time:</td><td>24 seconds (24512 ms)</td>
</tr><tr>
<td>Included groups:</td><td></td>
</tr><tr>
<td>Excluded groups:</td><td></td>
</tr>
</table><p/>
<small><i>(Hover the method name to see the test class name)</i></small><p/>
<table width='100%' border='1' class='invocation-failed'>
<tr><td colspan='4' align='center'><b>FAILED TESTS</b></td></tr>
<tr><td><b>Test method</b></td>
<td width="30%"><b>Exception</b></td>
<td width="10%"><b>Time (seconds)</b></td>
<td><b>Instance</b></td>
</tr>
<tr>
<td title='com.iss.satellite.testsatellites.PositionsTestFile.testMethod_DataSet3()'><b>testMethod_DataSet3</b><br>Test class: com.iss.satellite.testsatellites.PositionsTestFile<br>Parameters: {Expected_Data=NA, SKIP=YES, Class=PositionsTest, Test_Case_Name=Get_Satellite_Positions_Invalid_Maximum_Timestamps, Data=satellites/25544/positions?timestamps=1436029892,1436029902,1436029008,1436029008,1436029786,1436029546,1436029007,1436029002,1436029001,1436029999,1436029776,1436029556&units=miles, Http_Response_Code=403, Test_Case_ID=TC_006}</td>
<td><div><pre>java.lang.AssertionError: expected [403] but found [200]
	at org.testng.Assert.fail(Assert.java:94)
	at org.testng.Assert.failNotEquals(Assert.java:513)
	at org.testng.Assert.assertEqualsImpl(Assert.java:135)
	at org.testng.Assert.assertEquals(Assert.java:116)
	at org.testng.Assert.assertEquals(Assert.java:389)
	at org.testng.Assert.assertEquals(Assert.java:399)
	at com.iss.satellite.testsatellites.PositionsTestFile.testMethod_DataSet3(PositionsTestFile.java:75)
	at java.base/jdk.internal.reflect.NativeMethodAccessorImpl.invoke0(Native Method)
	at java.base/jdk.internal.reflect.NativeMethodAccessorImpl.invoke(NativeMethodAccessorImpl.java:62)
	at java.base/jdk.internal.reflect.DelegatingMethodAccessorImpl.invoke(DelegatingMethodAccessorImpl.java:43)
	at java.base/java.lang.reflect.Method.invoke(Method.java:566)
	at org.testng.internal.MethodInvocationHelper.invokeMethod(MethodInvocationHelper.java:86)
	at org.testng.internal.Invoker.invokeMethod(Invoker.java:643)
	at org.testng.internal.Invoker.invokeTestMethod(Invoker.java:820)
	at org.testng.internal.Invoker.invokeTestMethods(Invoker.java:1128)
	at org.testng.internal.TestMethodWorker.invokeTestMethods(TestMethodWorker.java:129)
	at org.testng.internal.TestMethodWorker.run(TestMethodWorker.java:112)
	at org.testng.TestRunner.privateRun(TestRunner.java:782)
	at org.testng.TestRunner.run(TestRunner.java:632)
	at org.testng.SuiteRunner.runTest(SuiteRunner.java:366)
	at org.testng.SuiteRunner.runSequentially(SuiteRunner.java:361)
	at org.testng.SuiteRunner.privateRun(SuiteRunner.java:319)
	at org.testng.SuiteRunner.run(SuiteRunner.java:268)
	at org.testng.SuiteRunnerWorker.runSuite(SuiteRunnerWorker.java:52)
	at org.testng.SuiteRunnerWorker.run(SuiteRunnerWorker.java:86)
	at org.testng.TestNG.runSuitesSequentially(TestNG.java:1244)
	at org.testng.TestNG.runSuitesLocally(TestNG.java:1169)
	at org.testng.TestNG.run(TestNG.java:1064)
	at org.testng.remote.AbstractRemoteTestNG.run(AbstractRemoteTestNG.java:115)
	at org.testng.remote.RemoteTestNG.initAndRun(RemoteTestNG.java:251)
	at org.testng.remote.RemoteTestNG.main(RemoteTestNG.java:77)
</pre></div><a href='#' onClick='toggleBox("stack-trace1614992995", this, "Click to show all stack frames", "Click to hide stack frames")'>Click to show all stack frames</a>
<div class='stack-trace' id='stack-trace1614992995'><pre>java.lang.AssertionError: expected [403] but found [200]
	at org.testng.Assert.fail(Assert.java:94)
	at org.testng.Assert.failNotEquals(Assert.java:513)
	at org.testng.Assert.assertEqualsImpl(Assert.java:135)
	at org.testng.Assert.assertEquals(Assert.java:116)
	at org.testng.Assert.assertEquals(Assert.java:389)
	at org.testng.Assert.assertEquals(Assert.java:399)
	at com.iss.satellite.testsatellites.PositionsTestFile.testMethod_DataSet3(PositionsTestFile.java:75)
	at java.base/jdk.internal.reflect.NativeMethodAccessorImpl.invoke0(Native Method)
	at java.base/jdk.internal.reflect.NativeMethodAccessorImpl.invoke(NativeMethodAccessorImpl.java:62)
	at java.base/jdk.internal.reflect.DelegatingMethodAccessorImpl.invoke(DelegatingMethodAccessorImpl.java:43)
	at java.base/java.lang.reflect.Method.invoke(Method.java:566)
	at org.testng.internal.MethodInvocationHelper.invokeMethod(MethodInvocationHelper.java:86)
	at org.testng.internal.Invoker.invokeMethod(Invoker.java:643)
	at org.testng.internal.Invoker.invokeTestMethod(Invoker.java:820)
	at org.testng.internal.Invoker.invokeTestMethods(Invoker.java:1128)
	at org.testng.internal.TestMethodWorker.invokeTestMethods(TestMethodWorker.java:129)
	at org.testng.internal.TestMethodWorker.run(TestMethodWorker.java:112)
	at org.testng.TestRunner.privateRun(TestRunner.java:782)
	at org.testng.TestRunner.run(TestRunner.java:632)
	at org.testng.SuiteRunner.runTest(SuiteRunner.java:366)
	at org.testng.SuiteRunner.runSequentially(SuiteRunner.java:361)
	at org.testng.SuiteRunner.privateRun(SuiteRunner.java:319)
	at org.testng.SuiteRunner.run(SuiteRunner.java:268)
	at org.testng.SuiteRunnerWorker.runSuite(SuiteRunnerWorker.java:52)
	at org.testng.SuiteRunnerWorker.run(SuiteRunnerWorker.java:86)
	at org.testng.TestNG.runSuitesSequentially(TestNG.java:1244)
	at org.testng.TestNG.runSuitesLocally(TestNG.java:1169)
	at org.testng.TestNG.run(TestNG.java:1064)
	at org.testng.remote.AbstractRemoteTestNG.run(AbstractRemoteTestNG.java:115)
	at org.testng.remote.RemoteTestNG.initAndRun(RemoteTestNG.java:251)
	at org.testng.remote.RemoteTestNG.main(RemoteTestNG.java:77)
</pre></div></td>
<td>1</td>
<td>com.iss.satellite.testsatellites.PositionsTestFile@1e67a849</td></tr>
</table><p>
<table width='100%' border='1' class='invocation-passed'>
<tr><td colspan='4' align='center'><b>PASSED TESTS</b></td></tr>
<tr><td><b>Test method</b></td>
<td width="30%"><b>Exception</b></td>
<td width="10%"><b>Time (seconds)</b></td>
<td><b>Instance</b></td>
</tr>
<tr>
<td title='com.iss.satellite.testsatellites.PositionsTestFile.testMethod()'><b>testMethod</b><br>Test class: com.iss.satellite.testsatellites.PositionsTestFile<br>Parameters: {Expected_Data="id":25544, SKIP=NO, Class=PositionsTest, Test_Case_Name=Get_Satellite_Positions_Valid_Satellite_ID, Data=satellites/25544/positions?timestamps=1436029892&units=miles, Http_Response_Code=200, Test_Case_ID=TC_001}</td>
<td></td>
<td>2</td>
<td>com.iss.satellite.testsatellites.PositionsTestFile@1e67a849</td></tr>
<tr>
<td title='com.iss.satellite.testsatellites.PositionsTestFile.testMethod()'><b>testMethod</b><br>Test class: com.iss.satellite.testsatellites.PositionsTestFile<br>Parameters: {Expected_Data="error":"satellite not found","status":404, SKIP=NO, Class=PositionsTest, Test_Case_Name=Get_Satellite_Positions_Blank_Satelite_ID, Data=Satellites/ /positions?timestamps=1436029892&units=miles, Http_Response_Code=404, Test_Case_ID=TC_002}</td>
<td></td>
<td>1</td>
<td>com.iss.satellite.testsatellites.PositionsTestFile@1e67a849</td></tr>
<tr>
<td title='com.iss.satellite.testsatellites.PositionsTestFile.testMethod()'><b>testMethod</b><br>Test class: com.iss.satellite.testsatellites.PositionsTestFile<br>Parameters: {Expected_Data="error":"satellite not found","status":404, SKIP=NO, Class=PositionsTest, Test_Case_Name=Get_Satellite_Positions_Invalid_Satellite_ID, Data=satellites/pp/positions?timestamps=1436029892&units=miles, Http_Response_Code=404, Test_Case_ID=TC_003}</td>
<td></td>
<td>2</td>
<td>com.iss.satellite.testsatellites.PositionsTestFile@1e67a849</td></tr>
<tr>
<td title='com.iss.satellite.testsatellites.PositionsTestFile.testMethod()'><b>testMethod</b><br>Test class: com.iss.satellite.testsatellites.PositionsTestFile<br>Parameters: {Expected_Data="timestamp":1436029892, SKIP=NO, Class=PositionsTest, Test_Case_Name=Get_Satellite_Positions_Valid_Timestamp, Data=satellites/25544/positions?timestamps=1436029892&units=miles, Http_Response_Code=200, Test_Case_ID=TC_004}</td>
<td></td>
<td>1</td>
<td>com.iss.satellite.testsatellites.PositionsTestFile@1e67a849</td></tr>
<tr>
<td title='com.iss.satellite.testsatellites.PositionsTestFile.testMethod()'><b>testMethod</b><br>Test class: com.iss.satellite.testsatellites.PositionsTestFile<br>Parameters: {Expected_Data=10, SKIP=YES, Class=PositionsTest, Test_Case_Name=Get_Satellite_Positions_Valid_Maximum_Timestamps, Data=satellites/25544/positions?timestamps=1436029892,1436029902,1436029008,1436029008,1436029786,1436029546,1436029007,1436029002,1436029001,1436029999&units=miles, Http_Response_Code=200, Test_Case_ID=TC_005}</td>
<td></td>
<td>0</td>
<td>com.iss.satellite.testsatellites.PositionsTestFile@1e67a849</td></tr>
<tr>
<td title='com.iss.satellite.testsatellites.PositionsTestFile.testMethod()'><b>testMethod</b><br>Test class: com.iss.satellite.testsatellites.PositionsTestFile<br>Parameters: {Expected_Data=NA, SKIP=YES, Class=PositionsTest, Test_Case_Name=Get_Satellite_Positions_Invalid_Maximum_Timestamps, Data=satellites/25544/positions?timestamps=1436029892,1436029902,1436029008,1436029008,1436029786,1436029546,1436029007,1436029002,1436029001,1436029999,1436029776,1436029556&units=miles, Http_Response_Code=403, Test_Case_ID=TC_006}</td>
<td></td>
<td>0</td>
<td>com.iss.satellite.testsatellites.PositionsTestFile@1e67a849</td></tr>
<tr>
<td title='com.iss.satellite.testsatellites.PositionsTestFile.testMethod()'><b>testMethod</b><br>Test class: com.iss.satellite.testsatellites.PositionsTestFile<br>Parameters: {Expected_Data="error":"invalid timestamp in list: ","status":400, SKIP=NO, Class=PositionsTest, Test_Case_Name=Get_Satellite_Positions_Blank_Timestamp, Data=satellites/25544/positions?timestamps=&units=miles, Http_Response_Code=400, Test_Case_ID=TC_007}</td>
<td></td>
<td>1</td>
<td>com.iss.satellite.testsatellites.PositionsTestFile@1e67a849</td></tr>
<tr>
<td title='com.iss.satellite.testsatellites.PositionsTestFile.testMethod()'><b>testMethod</b><br>Test class: com.iss.satellite.testsatellites.PositionsTestFile<br>Parameters: {Expected_Data="error":"invalid timestamp in list: pp","status":400, SKIP=NO, Class=PositionsTest, Test_Case_Name=Get_Satellite_Positions_Invalid_Timestamp, Data=satellites/25544/positions?timestamps=pp&units=miles, Http_Response_Code=400, Test_Case_ID=TC_008}</td>
<td></td>
<td>1</td>
<td>com.iss.satellite.testsatellites.PositionsTestFile@1e67a849</td></tr>
<tr>
<td title='com.iss.satellite.testsatellites.PositionsTestFile.testMethod()'><b>testMethod</b><br>Test class: com.iss.satellite.testsatellites.PositionsTestFile<br>Parameters: {Expected_Data="units":"kilometers", SKIP=NO, Class=PositionsTest, Test_Case_Name=Get_Satellite_Positions_Blank_Units, Data=satellites/25544/positions?timestamps=1436029892&units=, Http_Response_Code=200, Test_Case_ID=TC_009}</td>
<td></td>
<td>2</td>
<td>com.iss.satellite.testsatellites.PositionsTestFile@1e67a849</td></tr>
<tr>
<td title='com.iss.satellite.testsatellites.PositionsTestFile.testMethod()'><b>testMethod</b><br>Test class: com.iss.satellite.testsatellites.PositionsTestFile<br>Parameters: {Expected_Data="units":"miles", SKIP=NO, Class=PositionsTest, Test_Case_Name=Get_Satellite_Positions_Units_Miles, Data=satellites/25544/positions?timestamps=1436029892&units=miles, Http_Response_Code=200, Test_Case_ID=TC_010}</td>
<td></td>
<td>2</td>
<td>com.iss.satellite.testsatellites.PositionsTestFile@1e67a849</td></tr>
<tr>
<td title='com.iss.satellite.testsatellites.PositionsTestFile.testMethod()'><b>testMethod</b><br>Test class: com.iss.satellite.testsatellites.PositionsTestFile<br>Parameters: {Expected_Data="units":"kilometers", SKIP=NO, Class=PositionsTest, Test_Case_Name=Get_Satellite_Positions_Invalid_Units, Data=satellites/25544/positions?timestamps=1436029892&units=pp, Http_Response_Code=200, Test_Case_ID=TC_011}</td>
<td></td>
<td>2</td>
<td>com.iss.satellite.testsatellites.PositionsTestFile@1e67a849</td></tr>
<tr>
<td title='com.iss.satellite.testsatellites.PositionsTestFile.testMethod_DataSet2()'><b>testMethod_DataSet2</b><br>Test class: com.iss.satellite.testsatellites.PositionsTestFile<br>Parameters: {Expected_Data=10, SKIP=YES, Class=PositionsTest, Test_Case_Name=Get_Satellite_Positions_Valid_Maximum_Timestamps, Data=satellites/25544/positions?timestamps=1436029892,1436029902,1436029008,1436029008,1436029786,1436029546,1436029007,1436029002,1436029001,1436029999&units=miles, Http_Response_Code=200, Test_Case_ID=TC_005}</td>
<td></td>
<td>2</td>
<td>com.iss.satellite.testsatellites.PositionsTestFile@1e67a849</td></tr>
</table><p>
</body>
</html>