<?xml version="1.0" encoding="UTF-8"?>
<!-- Generated by org.testng.reporters.JUnitXMLReporter -->
<testsuite hostname="balajit-Latitude-5501" failures="2" tests="10" name="Test" time="15.857" errors="0" timestamp="14 Sep 2021 08:02:13 GMT">
  <testcase classname="com.iss.satellite.testsatellites.PositionsTestFile" name="testMethod_DataSet2" time="3.249"/>
  <testcase classname="com.iss.satellite.testsatellites.PositionsTestFile" name="testMethod_DataSet3" time="1.592">
    <failure type="java.lang.AssertionError" message="expected [403] but found [200]">
      <![CDATA[java.lang.AssertionError: expected [403] but found [200]
	at com.iss.satellite.testsatellites.PositionsTestFile.testMethod_DataSet3(PositionsTestFile.java:76)
... Removed 30 stack frames]]>
    </failure>
  </testcase> <!-- testMethod_DataSet3 -->
  <testcase classname="com.iss.satellite.testsatellites.TlesTestFile" name="testMethod_DataSet1" time="1.582"/>
  <testcase classname="com.iss.satellite.testsatellites.TlesTestFile" name="testMethod_DataSet1" time="1.619"/>
  <testcase classname="com.iss.satellite.testsatellites.TlesTestFile" name="testMethod_DataSet1" time="1.475"/>
  <testcase classname="com.iss.satellite.testsatellites.TlesTestFile" name="testMethod_DataSet1" time="0.001"/>
  <testcase classname="com.iss.satellite.testsatellites.TlesTestFile" name="testMethod_DataSet1" time="0.001"/>
  <testcase classname="com.iss.satellite.testsatellites.TlesTestFile" name="testMethod_DataSet1" time="1.538">
    <failure type="java.lang.AssertionError" message="expected [true] but found [false]">
      <![CDATA[java.lang.AssertionError: expected [true] but found [false]
	at com.iss.satellite.testsatellites.TlesTestFile.testMethod_DataSet1(TlesTestFile.java:33)
... Removed 30 stack frames]]>
    </failure>
  </testcase> <!-- testMethod_DataSet1 -->
  <testcase classname="com.iss.satellite.testsatellites.TlesTestFile" name="testMethod_DataSet2" time="1.629"/>
  <testcase classname="com.iss.satellite.testsatellites.TlesTestFile" name="testMethod_DataSet3" time="1.712"/>
</testsuite> <!-- Test -->
