<?xml version="1.0" encoding="UTF-8"?>
<testng-results total="10" passed="8" failed="2" skipped="0">
  <reporter-output>
  </reporter-output>
  <suite started-at="2021-09-14T08:01:57Z" name="Suite" finished-at="2021-09-14T08:02:12Z" duration-ms="15857">
    <groups>
    </groups>
    <test started-at="2021-09-14T08:01:57Z" name="Test" finished-at="2021-09-14T08:02:12Z" duration-ms="15857">
      <class name="com.iss.satellite.testsatellites.TlesTestFile">
        <test-method is-config="true" signature="setup()[pri:0, instance:com.iss.satellite.testsatellites.TlesTestFile@2e6a8155]" started-at="2021-09-14T13:32:03Z" name="setup" finished-at="2021-09-14T13:32:03Z" duration-ms="0" status="PASS">
          <reporter-output>
          </reporter-output>
        </test-method> <!-- setup -->
        <test-method signature="testMethod_DataSet1(java.util.Map)[pri:0, instance:com.iss.satellite.testsatellites.TlesTestFile@2e6a8155]" started-at="2021-09-14T13:32:03Z" name="testMethod_DataSet1" data-provider="DataSet1" finished-at="2021-09-14T13:32:04Z" duration-ms="1582" status="PASS">
          <params>
            <param index="0">
              <value>
                <![CDATA[{Expected_Data="id":"25544","name":"iss","header":"ISS (ZARYA)",, SKIP=NO, Class=TlesTest, Test_Case_Name=Get_Satellite_Positions_Valid_TLES, Data=satellites/25544/tles, Http_Response_Code=200, Test_Case_ID=TC_012}]]>
              </value>
            </param>
          </params>
          <reporter-output>
          </reporter-output>
        </test-method> <!-- testMethod_DataSet1 -->
        <test-method signature="testMethod_DataSet1(java.util.Map)[pri:0, instance:com.iss.satellite.testsatellites.TlesTestFile@2e6a8155]" started-at="2021-09-14T13:32:04Z" name="testMethod_DataSet1" data-provider="DataSet1" finished-at="2021-09-14T13:32:06Z" duration-ms="1619" status="PASS">
          <params>
            <param index="0">
              <value>
                <![CDATA[{Expected_Data="error":"satellite not found","status":404, SKIP=NO, Class=TlesTest, Test_Case_Name=Get_Satellite_Positions_Blank_Satelite_ID_TLES, Data=satellites/ /tles, Http_Response_Code=404, Test_Case_ID=TC_013}]]>
              </value>
            </param>
          </params>
          <reporter-output>
          </reporter-output>
        </test-method> <!-- testMethod_DataSet1 -->
        <test-method signature="testMethod_DataSet1(java.util.Map)[pri:0, instance:com.iss.satellite.testsatellites.TlesTestFile@2e6a8155]" started-at="2021-09-14T13:32:06Z" name="testMethod_DataSet1" data-provider="DataSet1" finished-at="2021-09-14T13:32:08Z" duration-ms="1475" status="PASS">
          <params>
            <param index="0">
              <value>
                <![CDATA[{Expected_Data="error":"satellite not found","status":404, SKIP=NO, Class=TlesTest, Test_Case_Name=Get_Satellite_Positions_Invalid_Satelite_ID_TLES, Data=satellites/PP/tles, Http_Response_Code=404, Test_Case_ID=TC_014}]]>
              </value>
            </param>
          </params>
          <reporter-output>
          </reporter-output>
        </test-method> <!-- testMethod_DataSet1 -->
        <test-method signature="testMethod_DataSet1(java.util.Map)[pri:0, instance:com.iss.satellite.testsatellites.TlesTestFile@2e6a8155]" started-at="2021-09-14T13:32:08Z" name="testMethod_DataSet1" data-provider="DataSet1" finished-at="2021-09-14T13:32:08Z" duration-ms="1" status="PASS">
          <params>
            <param index="0">
              <value>
                <![CDATA[{Expected_Data=application/json, SKIP=YES, Class=TlesTest, Test_Case_Name=Get_Satellite_Positions_Valid_TLES_JSON, Data=satellites/25544/tles, Http_Response_Code=200, Test_Case_ID=TC_015}]]>
              </value>
            </param>
          </params>
          <reporter-output>
          </reporter-output>
        </test-method> <!-- testMethod_DataSet1 -->
        <test-method signature="testMethod_DataSet1(java.util.Map)[pri:0, instance:com.iss.satellite.testsatellites.TlesTestFile@2e6a8155]" started-at="2021-09-14T13:32:08Z" name="testMethod_DataSet1" data-provider="DataSet1" finished-at="2021-09-14T13:32:08Z" duration-ms="1" status="PASS">
          <params>
            <param index="0">
              <value>
                <![CDATA[{Expected_Data=text/plain, SKIP=YES, Class=TlesTest, Test_Case_Name=Get_Satellite_Positions_Valid_TLES_Text, Data=satellites/25544/tles?format=text, Http_Response_Code=200, Test_Case_ID=TC_016}]]>
              </value>
            </param>
          </params>
          <reporter-output>
          </reporter-output>
        </test-method> <!-- testMethod_DataSet1 -->
        <test-method signature="testMethod_DataSet1(java.util.Map)[pri:0, instance:com.iss.satellite.testsatellites.TlesTestFile@2e6a8155]" started-at="2021-09-14T13:32:08Z" name="testMethod_DataSet1" data-provider="DataSet1" finished-at="2021-09-14T13:32:09Z" duration-ms="1538" status="FAIL">
          <params>
            <param index="0">
              <value>
                <![CDATA[{Expected_Data=NA, SKIP=NO, Class=TlesTest, Test_Case_Name=Get_Satellite_Positions_Invalid_TLES_Format, Data=satellites/25544/tles?format=PP, Http_Response_Code=200, Test_Case_ID=TC_017}]]>
              </value>
            </param>
          </params>
          <exception class="java.lang.AssertionError">
            <message>
              <![CDATA[expected [true] but found [false]]]>
            </message>
            <full-stacktrace>
              <![CDATA[java.lang.AssertionError: expected [true] but found [false]
	at org.testng.Assert.fail(Assert.java:94)
	at org.testng.Assert.failNotEquals(Assert.java:513)
	at org.testng.Assert.assertEqualsImpl(Assert.java:135)
	at org.testng.Assert.assertEquals(Assert.java:116)
	at org.testng.Assert.assertEquals(Assert.java:305)
	at org.testng.Assert.assertEquals(Assert.java:315)
	at com.iss.satellite.testsatellites.TlesTestFile.testMethod_DataSet1(TlesTestFile.java:33)
	at java.base/jdk.internal.reflect.NativeMethodAccessorImpl.invoke0(Native Method)
	at java.base/jdk.internal.reflect.NativeMethodAccessorImpl.invoke(NativeMethodAccessorImpl.java:62)
	at java.base/jdk.internal.reflect.DelegatingMethodAccessorImpl.invoke(DelegatingMethodAccessorImpl.java:43)
	at java.base/java.lang.reflect.Method.invoke(Method.java:566)
	at org.testng.internal.MethodInvocationHelper.invokeMethod(MethodInvocationHelper.java:86)
	at org.testng.internal.Invoker.invokeMethod(Invoker.java:643)
	at org.testng.internal.Invoker.invokeTestMethod(Invoker.java:820)
	at org.testng.internal.Invoker.invokeTestMethods(Invoker.java:1128)
	at org.testng.internal.TestMethodWorker.invokeTestMethods(TestMethodWorker.java:129)
	at org.testng.internal.TestMethodWorker.run(TestMethodWorker.java:112)
	at org.testng.TestRunner.privateRun(TestRunner.java:782)
	at org.testng.TestRunner.run(TestRunner.java:632)
	at org.testng.SuiteRunner.runTest(SuiteRunner.java:366)
	at org.testng.SuiteRunner.runSequentially(SuiteRunner.java:361)
	at org.testng.SuiteRunner.privateRun(SuiteRunner.java:319)
	at org.testng.SuiteRunner.run(SuiteRunner.java:268)
	at org.testng.SuiteRunnerWorker.runSuite(SuiteRunnerWorker.java:52)
	at org.testng.SuiteRunnerWorker.run(SuiteRunnerWorker.java:86)
	at org.testng.TestNG.runSuitesSequentially(TestNG.java:1244)
	at org.testng.TestNG.runSuitesLocally(TestNG.java:1169)
	at org.testng.TestNG.run(TestNG.java:1064)
	at org.testng.remote.AbstractRemoteTestNG.run(AbstractRemoteTestNG.java:115)
	at org.testng.remote.RemoteTestNG.initAndRun(RemoteTestNG.java:251)
	at org.testng.remote.RemoteTestNG.main(RemoteTestNG.java:77)
]]>
            </full-stacktrace>
          </exception> <!-- java.lang.AssertionError -->
          <reporter-output>
          </reporter-output>
        </test-method> <!-- testMethod_DataSet1 -->
        <test-method signature="testMethod_DataSet2(java.util.Map)[pri:0, instance:com.iss.satellite.testsatellites.TlesTestFile@2e6a8155]" started-at="2021-09-14T13:32:09Z" name="testMethod_DataSet2" data-provider="DataSet2" finished-at="2021-09-14T13:32:11Z" duration-ms="1629" status="PASS">
          <params>
            <param index="0">
              <value>
                <![CDATA[{Expected_Data=application/json, SKIP=YES, Class=TlesTest, Test_Case_Name=Get_Satellite_Positions_Valid_TLES_JSON, Data=satellites/25544/tles, Http_Response_Code=200, Test_Case_ID=TC_015}]]>
              </value>
            </param>
          </params>
          <reporter-output>
          </reporter-output>
        </test-method> <!-- testMethod_DataSet2 -->
        <test-method signature="testMethod_DataSet3(java.util.Map)[pri:0, instance:com.iss.satellite.testsatellites.TlesTestFile@2e6a8155]" started-at="2021-09-14T13:32:11Z" name="testMethod_DataSet3" data-provider="DataSet3" finished-at="2021-09-14T13:32:12Z" duration-ms="1712" status="PASS">
          <params>
            <param index="0">
              <value>
                <![CDATA[{Expected_Data=text/plain, SKIP=YES, Class=TlesTest, Test_Case_Name=Get_Satellite_Positions_Valid_TLES_Text, Data=satellites/25544/tles?format=text, Http_Response_Code=200, Test_Case_ID=TC_016}]]>
              </value>
            </param>
          </params>
          <reporter-output>
          </reporter-output>
        </test-method> <!-- testMethod_DataSet3 -->
      </class> <!-- com.iss.satellite.testsatellites.TlesTestFile -->
      <class name="com.iss.satellite.testsatellites.PositionsTestFile">
        <test-method is-config="true" signature="setup()[pri:0, instance:com.iss.satellite.testsatellites.PositionsTestFile@51c668e3]" started-at="2021-09-14T13:31:57Z" name="setup" finished-at="2021-09-14T13:31:57Z" duration-ms="599" status="PASS">
          <reporter-output>
          </reporter-output>
        </test-method> <!-- setup -->
        <test-method signature="testMethod_DataSet2(java.util.Map)[pri:0, instance:com.iss.satellite.testsatellites.PositionsTestFile@51c668e3]" started-at="2021-09-14T13:31:58Z" name="testMethod_DataSet2" data-provider="DataSet2" finished-at="2021-09-14T13:32:01Z" duration-ms="3249" status="PASS">
          <params>
            <param index="0">
              <value>
                <![CDATA[{Expected_Data=10, SKIP=YES, Class=PositionsTest, Test_Case_Name=Get_Satellite_Positions_Valid_Maximum_Timestamps, Data=satellites/25544/positions?timestamps=1436029892,1436029902,1436029008,1436029008,1436029786,1436029546,1436029007,1436029002,1436029001,1436029999&units=miles, Http_Response_Code=200, Test_Case_ID=TC_005}]]>
              </value>
            </param>
          </params>
          <reporter-output>
          </reporter-output>
        </test-method> <!-- testMethod_DataSet2 -->
        <test-method signature="testMethod_DataSet3(java.util.Map)[pri:0, instance:com.iss.satellite.testsatellites.PositionsTestFile@51c668e3]" started-at="2021-09-14T13:32:01Z" name="testMethod_DataSet3" data-provider="DataSet3" finished-at="2021-09-14T13:32:03Z" duration-ms="1592" status="FAIL">
          <params>
            <param index="0">
              <value>
                <![CDATA[{Expected_Data=NA, SKIP=YES, Class=PositionsTest, Test_Case_Name=Get_Satellite_Positions_Invalid_Maximum_Timestamps, Data=satellites/25544/positions?timestamps=1436029892,1436029902,1436029008,1436029008,1436029786,1436029546,1436029007,1436029002,1436029001,1436029999,1436029776,1436029556&units=miles, Http_Response_Code=403, Test_Case_ID=TC_006}]]>
              </value>
            </param>
          </params>
          <exception class="java.lang.AssertionError">
            <message>
              <![CDATA[expected [403] but found [200]]]>
            </message>
            <full-stacktrace>
              <![CDATA[java.lang.AssertionError: expected [403] but found [200]
	at org.testng.Assert.fail(Assert.java:94)
	at org.testng.Assert.failNotEquals(Assert.java:513)
	at org.testng.Assert.assertEqualsImpl(Assert.java:135)
	at org.testng.Assert.assertEquals(Assert.java:116)
	at org.testng.Assert.assertEquals(Assert.java:389)
	at org.testng.Assert.assertEquals(Assert.java:399)
	at com.iss.satellite.testsatellites.PositionsTestFile.testMethod_DataSet3(PositionsTestFile.java:76)
	at java.base/jdk.internal.reflect.NativeMethodAccessorImpl.invoke0(Native Method)
	at java.base/jdk.internal.reflect.NativeMethodAccessorImpl.invoke(NativeMethodAccessorImpl.java:62)
	at java.base/jdk.internal.reflect.DelegatingMethodAccessorImpl.invoke(DelegatingMethodAccessorImpl.java:43)
	at java.base/java.lang.reflect.Method.invoke(Method.java:566)
	at org.testng.internal.MethodInvocationHelper.invokeMethod(MethodInvocationHelper.java:86)
	at org.testng.internal.Invoker.invokeMethod(Invoker.java:643)
	at org.testng.internal.Invoker.invokeTestMethod(Invoker.java:820)
	at org.testng.internal.Invoker.invokeTestMethods(Invoker.java:1128)
	at org.testng.internal.TestMethodWorker.invokeTestMethods(TestMethodWorker.java:129)
	at org.testng.internal.TestMethodWorker.run(TestMethodWorker.java:112)
	at org.testng.TestRunner.privateRun(TestRunner.java:782)
	at org.testng.TestRunner.run(TestRunner.java:632)
	at org.testng.SuiteRunner.runTest(SuiteRunner.java:366)
	at org.testng.SuiteRunner.runSequentially(SuiteRunner.java:361)
	at org.testng.SuiteRunner.privateRun(SuiteRunner.java:319)
	at org.testng.SuiteRunner.run(SuiteRunner.java:268)
	at org.testng.SuiteRunnerWorker.runSuite(SuiteRunnerWorker.java:52)
	at org.testng.SuiteRunnerWorker.run(SuiteRunnerWorker.java:86)
	at org.testng.TestNG.runSuitesSequentially(TestNG.java:1244)
	at org.testng.TestNG.runSuitesLocally(TestNG.java:1169)
	at org.testng.TestNG.run(TestNG.java:1064)
	at org.testng.remote.AbstractRemoteTestNG.run(AbstractRemoteTestNG.java:115)
	at org.testng.remote.RemoteTestNG.initAndRun(RemoteTestNG.java:251)
	at org.testng.remote.RemoteTestNG.main(RemoteTestNG.java:77)
]]>
            </full-stacktrace>
          </exception> <!-- java.lang.AssertionError -->
          <reporter-output>
          </reporter-output>
        </test-method> <!-- testMethod_DataSet3 -->
      </class> <!-- com.iss.satellite.testsatellites.PositionsTestFile -->
    </test> <!-- Test -->
  </suite> <!-- Suite -->
</testng-results>
